Using pre-set license
Built from '2021.3/staging' branch; Version is '2021.3.7f1 (24e8595d6d43) revision 2418777'; Using compiler version '192829333'; Build Type 'Release'
OS: 'Windows 10  (10.0.19043) 64bit Professional' Language: 'en' Physical Memory: 32486 MB
BatchMode: 1, IsHumanControllingUs: 0, StartBugReporterOnCrash: 0, Is64bit: 1, IsPro: 1

COMMAND LINE ARGUMENTS:
C:\Users\pouzts\Documents\Unity\2021.3.7f1\Editor\Unity.exe
-adb2
-batchMode
-noUpm
-name
AssetImportWorker0
-projectPath
C:/Users/pouzts/Documents/Unity Projects/3D RPG Combat System
-logFile
Logs/AssetImportWorker0.log
-srvPort
54651
Successfully changed project path to: C:/Users/pouzts/Documents/Unity Projects/3D RPG Combat System
C:/Users/pouzts/Documents/Unity Projects/3D RPG Combat System
[UnityMemory] Configuration Parameters - Can be set up in boot.config
    "memorysetup-bucket-allocator-granularity=16"
    "memorysetup-bucket-allocator-bucket-count=8"
    "memorysetup-bucket-allocator-block-size=33554432"
    "memorysetup-bucket-allocator-block-count=8"
    "memorysetup-main-allocator-block-size=16777216"
    "memorysetup-thread-allocator-block-size=16777216"
    "memorysetup-gfx-main-allocator-block-size=16777216"
    "memorysetup-gfx-thread-allocator-block-size=16777216"
    "memorysetup-cache-allocator-block-size=4194304"
    "memorysetup-typetree-allocator-block-size=2097152"
    "memorysetup-profiler-bucket-allocator-granularity=16"
    "memorysetup-profiler-bucket-allocator-bucket-count=8"
    "memorysetup-profiler-bucket-allocator-block-size=33554432"
    "memorysetup-profiler-bucket-allocator-block-count=8"
    "memorysetup-profiler-allocator-block-size=16777216"
    "memorysetup-profiler-editor-allocator-block-size=1048576"
    "memorysetup-temp-allocator-size-main=16777216"
    "memorysetup-job-temp-allocator-block-size=2097152"
    "memorysetup-job-temp-allocator-block-size-background=1048576"
    "memorysetup-job-temp-allocator-reduction-small-platforms=262144"
    "memorysetup-temp-allocator-size-background-worker=32768"
    "memorysetup-temp-allocator-size-job-worker=262144"
    "memorysetup-temp-allocator-size-preload-manager=33554432"
    "memorysetup-temp-allocator-size-nav-mesh-worker=65536"
    "memorysetup-temp-allocator-size-audio-worker=65536"
    "memorysetup-temp-allocator-size-cloud-worker=32768"
    "memorysetup-temp-allocator-size-gi-baking-worker=262144"
    "memorysetup-temp-allocator-size-gfx=262144"
Refreshing native plugins compatible for Editor in 79.16 ms, found 3 plugins.
Preloading 0 native plugins for Editor in 0.00 ms.
Initialize engine version: 2021.3.7f1 (24e8595d6d43)
[Subsystems] Discovering subsystems at path C:/Users/pouzts/Documents/Unity/2021.3.7f1/Editor/Data/Resources/UnitySubsystems
[Subsystems] Discovering subsystems at path C:/Users/pouzts/Documents/Unity Projects/3D RPG Combat System/Assets
GfxDevice: creating device client; threaded=0; jobified=0
Direct3D:
    Version:  Direct3D 11.0 [level 11.1]
    Renderer: NVIDIA Quadro T2000 with Max-Q Design (ID=0x1fb8)
    Vendor:   NVIDIA
    VRAM:     3962 MB
    Driver:   30.0.14.7291
Initialize mono
Mono path[0] = 'C:/Users/pouzts/Documents/Unity/2021.3.7f1/Editor/Data/Managed'
Mono path[1] = 'C:/Users/pouzts/Documents/Unity/2021.3.7f1/Editor/Data/MonoBleedingEdge/lib/mono/unityjit-win32'
Mono config path = 'C:/Users/pouzts/Documents/Unity/2021.3.7f1/Editor/Data/MonoBleedingEdge/etc'
Using monoOptions --debugger-agent=transport=dt_socket,embedding=1,server=y,suspend=n,address=127.0.0.1:56812
Begin MonoManager ReloadAssembly
Registering precompiled unity dll's ...
Register platform support module: C:/Users/pouzts/Documents/Unity/2021.3.7f1/Editor/Data/PlaybackEngines/AndroidPlayer/UnityEditor.Android.Extensions.dll
Register platform support module: C:/Users/pouzts/Documents/Unity/2021.3.7f1/Editor/Data/PlaybackEngines/WindowsStandaloneSupport/UnityEditor.WindowsStandalone.Extensions.dll
Registered in 0.006965 seconds.
Native extension for WindowsStandalone target not found
Native extension for Android target not found
Refreshing native plugins compatible for Editor in 81.40 ms, found 3 plugins.
Preloading 0 native plugins for Editor in 0.00 ms.
Mono: successfully reloaded assembly
- Completed reload, in  0.635 seconds
Domain Reload Profiling:
	ReloadAssembly (635ms)
		BeginReloadAssembly (66ms)
			ExecutionOrderSort (0ms)
			DisableScriptedObjects (0ms)
			BackupInstance (0ms)
			ReleaseScriptingObjects (0ms)
			CreateAndSetChildDomain (1ms)
		EndReloadAssembly (465ms)
			LoadAssemblies (64ms)
			RebuildTransferFunctionScriptingTraits (0ms)
			SetupTypeCache (114ms)
			ReleaseScriptCaches (0ms)
			RebuildScriptCaches (30ms)
			SetupLoadedEditorAssemblies (272ms)
				LogAssemblyErrors (0ms)
				InitializePlatformSupportModulesInManaged (54ms)
				SetLoadedEditorAssemblies (0ms)
				RefreshPlugins (81ms)
				BeforeProcessingInitializeOnLoad (3ms)
				ProcessInitializeOnLoadAttributes (90ms)
				ProcessInitializeOnLoadMethodAttributes (43ms)
				AfterProcessingInitializeOnLoad (0ms)
				EditorAssembliesLoaded (0ms)
			ExecutionOrderSort2 (0ms)
			AwakeInstancesAfterBackupRestoration (0ms)
Platform modules already initialized, skipping
Registering precompiled user dll's ...
Registered in 0.004960 seconds.
Begin MonoManager ReloadAssembly
Symbol file LoadedFromMemory doesn't match image C:\Users\pouzts\Documents\Unity Projects\3D RPG Combat System\Library\PackageCache\com.unity.visualscripting@1.7.8\Editor\VisualScripting.Core\Dependencies\YamlDotNet\Unity.VisualScripting.YamlDotNet.dll
Symbol file LoadedFromMemory doesn't match image C:\Users\pouzts\Documents\Unity Projects\3D RPG Combat System\Library\PackageCache\com.unity.visualscripting@1.7.8\Editor\VisualScripting.Core\Dependencies\DotNetZip\Unity.VisualScripting.IonicZip.dll
Native extension for WindowsStandalone target not found
Native extension for Android target not found
Refreshing native plugins compatible for Editor in 0.53 ms, found 3 plugins.
Preloading 0 native plugins for Editor in 0.00 ms.
Mono: successfully reloaded assembly
- Completed reload, in  1.094 seconds
Domain Reload Profiling:
	ReloadAssembly (1095ms)
		BeginReloadAssembly (225ms)
			ExecutionOrderSort (0ms)
			DisableScriptedObjects (6ms)
			BackupInstance (0ms)
			ReleaseScriptingObjects (0ms)
			CreateAndSetChildDomain (129ms)
		EndReloadAssembly (769ms)
			LoadAssemblies (81ms)
			RebuildTransferFunctionScriptingTraits (0ms)
			SetupTypeCache (251ms)
			ReleaseScriptCaches (1ms)
			RebuildScriptCaches (51ms)
			SetupLoadedEditorAssemblies (358ms)
				LogAssemblyErrors (0ms)
				InitializePlatformSupportModulesInManaged (15ms)
				SetLoadedEditorAssemblies (1ms)
				RefreshPlugins (1ms)
				BeforeProcessingInitializeOnLoad (90ms)
				ProcessInitializeOnLoadAttributes (218ms)
				ProcessInitializeOnLoadMethodAttributes (25ms)
				AfterProcessingInitializeOnLoad (9ms)
				EditorAssembliesLoaded (0ms)
			ExecutionOrderSort2 (0ms)
			AwakeInstancesAfterBackupRestoration (5ms)
Platform modules already initialized, skipping
========================================================================
Worker process is ready to serve import requests
Launched and connected shader compiler UnityShaderCompiler.exe after 0.03 seconds
Refreshing native plugins compatible for Editor in 0.52 ms, found 3 plugins.
Preloading 0 native plugins for Editor in 0.00 ms.
Unloading 3377 Unused Serialized files (Serialized files now loaded: 0)
Unloading 27 unused Assets / (111.0 KB). Loaded Objects now: 3836.
Memory consumption went from 116.2 MB to 116.1 MB.
Total: 2.999000 ms (FindLiveObjects: 0.276000 ms CreateObjectMapping: 0.209300 ms MarkObjects: 2.405200 ms  DeleteObjects: 0.107700 ms)

AssetImportParameters requested are different than current active one (requested -> active):
  custom:video-decoder-ogg-theora: a1e56fd34408186e4bbccfd4996cb3dc -> 
  custom:container-muxer-webm: aa71ff27fc2769a1b78a27578f13a17b -> 
  custom:container-demuxer-webm: 4f35f7cbe854078d1ac9338744f61a02 -> 
  custom:video-encoder-webm-vp8: eb34c28f22e8b96e1ab97ce403110664 -> 
  custom:video-codec-MediaFoundation-h265: 746d11721c4dcdbdad8f713fa42b33f4 -> 
  custom:audio-encoder-webm-vorbis: bf7c407c2cedff20999df2af8eb42d56 -> 
  custom:framework-win-MediaFoundation: 216162199b28c13a410421893ffa2e32 -> 
  custom:container-demuxer-ogg: 62fdf1f143b41e24485cea50d1cbac27 -> 
  custom:video-decoder-webm-vp8: 9c59270c3fd7afecdb556c50c9e8de78 -> 
  custom:audio-decoder-ogg-vorbis: bf7c407c2cedff20999df2af8eb42d56 -> 
========================================================================
Received Import Request.
  Time since last request: 217503.006216 seconds.
  path: Assets
  artifactKey: Guid(00000000000000001000000000000000) Importer(815301076,1909f56bfc062723c751e8b465ee728b)
Start importing Assets using Guid(00000000000000001000000000000000) Importer(815301076,1909f56bfc062723c751e8b465ee728b)  -> (artifact id: '79842766b460edbeab6a34051e857a80') in 0.008620 seconds 
========================================================================
Received Import Request.
  Time since last request: 6.996160 seconds.
  path: Assets/External
  artifactKey: Guid(cce7db4bd6a4d734fb359fbc1e2acbde) Importer(815301076,1909f56bfc062723c751e8b465ee728b)
Start importing Assets/External using Guid(cce7db4bd6a4d734fb359fbc1e2acbde) Importer(815301076,1909f56bfc062723c751e8b465ee728b)  -> (artifact id: '59a06eeddaf015e6c476bc1d3fc0d667') in 0.005669 seconds 
========================================================================
Received Import Request.
  Time since last request: 6.393057 seconds.
  path: Assets/Prefabs
  artifactKey: Guid(36df05dc6d479764d8a8dbb6a086d562) Importer(815301076,1909f56bfc062723c751e8b465ee728b)
Start importing Assets/Prefabs using Guid(36df05dc6d479764d8a8dbb6a086d562) Importer(815301076,1909f56bfc062723c751e8b465ee728b)  -> (artifact id: '64187a4c76b73fc9fac20b7c635737e2') in 0.005374 seconds 
========================================================================
Received Import Request.
  Time since last request: 6.335692 seconds.
  path: Assets/Scripts
  artifactKey: Guid(5e38fa0ea20b1964aac34abb55e610c6) Importer(815301076,1909f56bfc062723c751e8b465ee728b)
Start importing Assets/Scripts using Guid(5e38fa0ea20b1964aac34abb55e610c6) Importer(815301076,1909f56bfc062723c751e8b465ee728b)  -> (artifact id: '383155fc6b99f10531a4d093b723792b') in 0.005183 seconds 
========================================================================
Received Import Request.
  Time since last request: 6.192484 seconds.
  path: Assets/Audio
  artifactKey: Guid(e03bb835499a559458f1b5be32e23c77) Importer(815301076,1909f56bfc062723c751e8b465ee728b)
Start importing Assets/Audio using Guid(e03bb835499a559458f1b5be32e23c77) Importer(815301076,1909f56bfc062723c751e8b465ee728b)  -> (artifact id: 'e6f91d572bb810265beba816a88929af') in 0.005332 seconds 
========================================================================
Received Import Request.
  Time since last request: 7.479774 seconds.
  path: Assets/Models
  artifactKey: Guid(e0832c8905e156744b334cb1575575f8) Importer(815301076,1909f56bfc062723c751e8b465ee728b)
Start importing Assets/Models using Guid(e0832c8905e156744b334cb1575575f8) Importer(815301076,1909f56bfc062723c751e8b465ee728b)  -> (artifact id: '64c36af88ce733c7f3afb8704f0d9601') in 0.005293 seconds 
========================================================================
Received Import Request.
  Time since last request: 12.375136 seconds.
  path: Assets/Textures
  artifactKey: Guid(c3aac66db545b9844987d40887153682) Importer(815301076,1909f56bfc062723c751e8b465ee728b)
Start importing Assets/Textures using Guid(c3aac66db545b9844987d40887153682) Importer(815301076,1909f56bfc062723c751e8b465ee728b)  -> (artifact id: 'e3d3552345d5bf93fc2068008c86eef5') in 0.005312 seconds 
========================================================================
Received Import Request.
  Time since last request: 6.729959 seconds.
  path: Assets/Animations
  artifactKey: Guid(f0a1a2827c3f4ae4eb28fead4d44d912) Importer(815301076,1909f56bfc062723c751e8b465ee728b)
Start importing Assets/Animations using Guid(f0a1a2827c3f4ae4eb28fead4d44d912) Importer(815301076,1909f56bfc062723c751e8b465ee728b)  -> (artifact id: 'da3b193139fd2adc74cb13d6f4d51b82') in 0.005582 seconds 
========================================================================
Received Import Request.
  Time since last request: 7.634162 seconds.
  path: Assets/Materials
  artifactKey: Guid(f188923481514564981859c9a06d29d3) Importer(815301076,1909f56bfc062723c751e8b465ee728b)
Start importing Assets/Materials using Guid(f188923481514564981859c9a06d29d3) Importer(815301076,1909f56bfc062723c751e8b465ee728b)  -> (artifact id: 'f0a9fc5681341866d5efd5d942a2bedd') in 0.006364 seconds 
========================================================================
Received Import Request.
  Time since last request: 16.025189 seconds.
  path: Assets/Externals
  artifactKey: Guid(cce7db4bd6a4d734fb359fbc1e2acbde) Importer(815301076,1909f56bfc062723c751e8b465ee728b)
Start importing Assets/Externals using Guid(cce7db4bd6a4d734fb359fbc1e2acbde) Importer(815301076,1909f56bfc062723c751e8b465ee728b)  -> (artifact id: 'e7911f3652f85e82c4100b1309f26554') in 0.005908 seconds 
